    Checking bitflags v2.11.0
    Checking memchr v2.8.0
    Checking futures-sink v0.3.32
    Checking futures-core v0.3.32
    Checking slab v0.4.12
    Checking linux-raw-sys v0.12.1
    Checking futures-task v0.3.32
    Checking futures-io v0.3.32
   Compiling regex-syntax v0.8.10
    Checking fastrand v2.3.0
    Checking libc v0.2.183
    Checking fnv v1.0.7
   Compiling cfg-if v1.0.4
    Checking bit-vec v0.8.0
    Checking quick-error v1.2.3
    Checking futures-timer v3.0.3
    Checking unarray v0.1.4
    Checking log v0.4.29
    Checking num-traits v0.2.19
    Checking home v0.5.12
    Checking thiserror v1.0.69
    Checking serde v1.0.228
    Checking futures-channel v0.3.32
    Checking bit-set v0.8.0
    Checking rustix v1.1.4
    Checking serde_json v1.0.149
    Checking futures-util v0.3.32
   Compiling regex-automata v0.4.14
    Checking getrandom v0.3.4
    Checking getrandom v0.4.2
    Checking wait-timeout v0.2.1
    Checking parking_lot_core v0.9.12
    Checking errno v0.3.14
    Checking socket2 v0.6.3
    Checking mio v1.2.0
    Checking nix v0.30.1
    Checking uuid v1.23.0
    Checking tempfile v3.27.0
    Checking signal-hook-registry v1.4.8
    Checking rand_core v0.9.5
    Checking rand_chacha v0.9.0
    Checking rand_xorshift v0.4.0
    Checking rusty-fork v0.3.1
   Compiling regex v1.12.3
    Checking rand v0.9.2
    Checking parking_lot v0.12.5
    Checking dashmap v5.5.3
   Compiling rstest_macros v0.18.2
    Checking futures-executor v0.3.32
    Checking os_info v3.14.0
    Checking ulid v1.2.1
    Checking proptest v1.11.0
    Checking futures v0.3.32
    Checking tokio v1.50.0
    Checking wtf-types v0.1.0 (/home/lewis/src/wtf-k6u/crates/wtf-types)
    Checking kani-verifier v0.58.0
    Checking rstest v0.18.2
error: this manual char comparison can be written more succinctly
  --> crates/wtf-types/tests/scaffold_compliance.rs:62:49
   |
62 |             if let Some(key_end) = trimmed.find(|c: char| c == '=' || c == '.') {
   |                                                 ^^^^^^^^^^^^^^^^^^^^^^^^^^^^^^ help: consider using an array of `char`: `['=', '.']`
   |
   = help: for further information visit https://rust-lang.github.io/rust-clippy/rust-1.94.0/index.html#manual_pattern_char_comparison
   = note: `-D clippy::manual-pattern-char-comparison` implied by `-D warnings`
   = help: to override `-D warnings` add `#[allow(clippy::manual_pattern_char_comparison)]`

error: could not compile `wtf-types` (test "scaffold_compliance") due to 1 previous error
warning: build failed, waiting for other jobs to finish...
error: the borrowed expression implements the required traits
   --> crates/wtf-types/src/integer_types.rs:871:41
    |
871 |         let json = serde_json::to_value(&original).expect("serialize");
    |                                         ^^^^^^^^^ help: change this to: `original`
    |
    = help: for further information visit https://rust-lang.github.io/rust-clippy/rust-1.94.0/index.html#needless_borrows_for_generic_args
    = note: `-D clippy::needless-borrows-for-generic-args` implied by `-D warnings`
    = help: to override `-D warnings` add `#[allow(clippy::needless_borrows_for_generic_args)]`

error: the borrowed expression implements the required traits
   --> crates/wtf-types/src/integer_types.rs:879:41
    |
879 |         let json = serde_json::to_value(&original).expect("serialize");
    |                                         ^^^^^^^^^ help: change this to: `original`
    |
    = help: for further information visit https://rust-lang.github.io/rust-clippy/rust-1.94.0/index.html#needless_borrows_for_generic_args

error: the borrowed expression implements the required traits
   --> crates/wtf-types/src/integer_types.rs:887:41
    |
887 |         let json = serde_json::to_value(&original).expect("serialize");
    |                                         ^^^^^^^^^ help: change this to: `original`
    |
    = help: for further information visit https://rust-lang.github.io/rust-clippy/rust-1.94.0/index.html#needless_borrows_for_generic_args

error: the borrowed expression implements the required traits
   --> crates/wtf-types/src/integer_types.rs:895:41
    |
895 |         let json = serde_json::to_value(&original).expect("serialize");
    |                                         ^^^^^^^^^ help: change this to: `original`
    |
    = help: for further information visit https://rust-lang.github.io/rust-clippy/rust-1.94.0/index.html#needless_borrows_for_generic_args

error: the borrowed expression implements the required traits
   --> crates/wtf-types/src/integer_types.rs:903:41
    |
903 |         let json = serde_json::to_value(&original).expect("serialize");
    |                                         ^^^^^^^^^ help: change this to: `original`
    |
    = help: for further information visit https://rust-lang.github.io/rust-clippy/rust-1.94.0/index.html#needless_borrows_for_generic_args

error: the borrowed expression implements the required traits
   --> crates/wtf-types/src/integer_types.rs:911:41
    |
911 |         let json = serde_json::to_value(&original).expect("serialize");
    |                                         ^^^^^^^^^ help: change this to: `original`
    |
    = help: for further information visit https://rust-lang.github.io/rust-clippy/rust-1.94.0/index.html#needless_borrows_for_generic_args

error: the borrowed expression implements the required traits
   --> crates/wtf-types/src/integer_types.rs:919:41
    |
919 |         let json = serde_json::to_value(&original).expect("serialize");
    |                                         ^^^^^^^^^ help: change this to: `original`
    |
    = help: for further information visit https://rust-lang.github.io/rust-clippy/rust-1.94.0/index.html#needless_borrows_for_generic_args

error: the borrowed expression implements the required traits
   --> crates/wtf-types/src/integer_types.rs:927:41
    |
927 |         let json = serde_json::to_value(&original).expect("serialize");
    |                                         ^^^^^^^^^ help: change this to: `original`
    |
    = help: for further information visit https://rust-lang.github.io/rust-clippy/rust-1.94.0/index.html#needless_borrows_for_generic_args

error: the borrowed expression implements the required traits
    --> crates/wtf-types/src/integer_types.rs:1072:49
     |
1072 |                 let json = serde_json::to_value(&v).expect("serialize");
     |                                                 ^^ help: change this to: `v`
     |
     = help: for further information visit https://rust-lang.github.io/rust-clippy/rust-1.94.0/index.html#needless_borrows_for_generic_args

error: the borrowed expression implements the required traits
    --> crates/wtf-types/src/integer_types.rs:1080:49
     |
1080 |                 let json = serde_json::to_value(&v).expect("serialize");
     |                                                 ^^ help: change this to: `v`
     |
     = help: for further information visit https://rust-lang.github.io/rust-clippy/rust-1.94.0/index.html#needless_borrows_for_generic_args

error: the borrowed expression implements the required traits
   --> crates/wtf-types/src/adversarial_tests.rs:690:45
    |
690 |             let json = serde_json::to_value(&v).expect("serialize DurationMs in proptest");
    |                                             ^^ help: change this to: `v`
    |
    = help: for further information visit https://rust-lang.github.io/rust-clippy/rust-1.94.0/index.html#needless_borrows_for_generic_args

error: the borrowed expression implements the required traits
   --> crates/wtf-types/src/adversarial_tests.rs:698:45
    |
698 |             let json = serde_json::to_value(&v).expect("serialize SequenceNumber in proptest");
    |                                             ^^ help: change this to: `v`
    |
    = help: for further information visit https://rust-lang.github.io/rust-clippy/rust-1.94.0/index.html#needless_borrows_for_generic_args

error: could not compile `wtf-types` (lib test) due to 12 previous errors
