
running 123 tests
test dag::tests::activity_failed_exhausted_adds_to_failed ... ok
test dag::tests::in_flight_node_not_ready ... ok
test dag::tests::completed_unblocks_successor ... ok
test dag::tests::duplicate_seq_returns_already_applied ... ok
test dag::tests::is_succeeded_when_all_complete ... ok
test dag::tests::parallel_roots_both_ready ... ok
test dag::tests::parse_duplicate_node_id ... ok
test dag::tests::parse_empty_nodes_yields_empty_map ... ok
test dag::tests::parse_invalid_json ... ok
test dag::tests::parse_missing_activity_type_field ... ok
test dag::tests::parse_cycle_detected ... ok
test dag::tests::parse_diamond_dag ... ok
test dag::tests::parse_missing_id_field ... ok
test dag::tests::parse_missing_nodes_field ... ok
test dag::tests::parse_nodes_not_array ... ok
test dag::tests::parse_missing_predecessors_field ... ok
test dag::tests::parse_preserves_activity_type ... ok
test dag::tests::parse_parallel_roots ... ok
test dag::tests::parse_self_loop_detected ... ok
test dag::tests::root_nodes_ready_on_empty_state ... ok
test dag::tests::parse_unknown_predecessor ... ok
test dag::tests::parse_single_root_node ... ok
test fsm::definition::tests::edge_empty_transitions_valid ... ok
test fsm::definition::tests::edge_extra_fields_ignored ... ok
test fsm::definition::tests::edge_json_array_not_object ... ok
test fsm::definition::tests::edge_effect_with_payload_string ... ok
test fsm::definition::tests::edge_json_number_not_object ... ok
test fsm::definition::tests::e2e_parse_fsm_roundtrip_with_plan_fsm_signal ... ok
test fsm::definition::tests::edge_null_terminal_states_treated_as_empty ... ok
test fsm::definition::tests::edge_transitions_not_array ... ok
test fsm::definition::tests::ep1_invalid_json ... ok
test fsm::definition::tests::ep2_missing_transitions_field ... ok
test fsm::definition::tests::ep3_transition_missing_from ... ok
test fsm::definition::tests::hp1_parse_single_transition ... ok
test fsm::definition::tests::ep4_effect_missing_effect_type ... ok
test fsm::definition::tests::hp2_parse_transitions_with_effects ... ok
test fsm::definition::tests::hp4_parse_without_terminal_states_field ... ok
test fsm::definition::tests::hp3_parse_with_terminal_states ... ok
test fsm::tests::activity_dispatched_adds_to_in_flight ... ok
test fsm::tests::activity_completed_removes_from_in_flight ... ok
test fsm::definition::tests::hp5_multiple_transitions_workflow ... ok
test fsm::tests::apply_duplicate_seq_returns_already_applied ... ok
test fsm::tests::apply_transition_adds_seq_to_applied_set ... ok
test fsm::tests::apply_transition_updates_current_state ... ok
test fsm::tests::duplicate_fsm_event_returns_none_from_new_state ... ok
test fsm::tests::fsm_definition_transition_returns_none_for_unknown_event ... ok
test fsm::tests::fsm_definition_transition_returns_some_when_valid ... ok
test fsm::tests::live_phase_returns_effects ... ok
test fsm::tests::multiple_transitions_accumulate_correctly ... ok
test fsm::tests::new_state_starts_in_initial_state ... ok
test fsm::tests::replay_phase_returns_no_effects ... ok
test fsm::tests::snapshot_taken_resets_events_since_snapshot ... ok
test heartbeat::tests::parse_empty_key_returns_none ... ok
test heartbeat::tests::parse_hb_key_with_underscores ... ok
test heartbeat::tests::parse_hb_prefix_only_returns_empty_id ... ok
test heartbeat::tests::parse_key_missing_hb_prefix_returns_none ... ok
test heartbeat::tests::parse_short_instance_id ... ok
test heartbeat::tests::parse_valid_heartbeat_key ... ok
test instance::handlers_tests::initial_state_has_empty_pending_signal_calls ... ok
test instance::handlers_tests::handle_signal_publishes_event_when_no_pending_call ... ok
test instance::handlers_tests::handle_signal_delivers_payload_to_pending_call ... ok
test instance::handlers_tests::handle_signal_returns_error_without_event_store ... ok
test instance::handlers_tests::handle_signal_injects_event_into_paradigm_state ... ok
test instance::handlers_tests::snapshot_trigger_no_snapshot_db_returns_error ... ok
test instance::handlers_tests::handle_signal_reply_error_on_publish_failure ... ok
test instance::init_tests::crash_recovery_skips_started_event ... ok
test instance::init_tests::fresh_instance_publishes_started_event ... ok
test instance::tests::snapshot_interval_is_100 ... ok
test instance::procedural::tests::wait_for_signal_registers_pending_when_no_buffer ... ok
test instance::init_tests::no_event_store_returns_error ... ok
test instance::procedural::tests::wait_for_signal_consumes_fifo_from_vec ... ok
test instance::procedural::tests::wait_for_signal_returns_buffered_immediately ... ok
test master::handlers::list::tests::list_active_returns_empty_when_no_instances ... ok
test master::handlers::start::tests::validate_request_accepts_when_capacity_available ... ok
test instance::procedural::tests::get_checkpoint_returns_some_after_activity_completed ... ok
test master::handlers::start::tests::validate_request_rejects_when_at_capacity ... ok
test instance::procedural::tests::get_checkpoint_returns_none_for_empty_state ... ok
test master::handlers::terminate::tests::terminate_returns_not_found_for_unknown_instance ... ok
test master::state::tests::deregister_removes_entry ... ok
test master::state::tests::get_returns_none_for_unknown_id ... ok
test master::state::tests::has_capacity_false_when_at_limit ... ok
test master::state::tests::has_capacity_when_empty ... ok
test master::state::tests::orchestrator_config_default_max_instances ... ok
test master::state::tests::orchestrator_config_default_node_id ... ok
test master::state::tests::new_state_with_empty_definitions_has_empty_registry ... ok
test procedural::context::tests::arc_clones_share_counter_state ... ok
test procedural::context::tests::fetch_and_increment_produces_unique_ids ... ok
test procedural::context::tests::next_op_id_increments_counter_on_each_call ... ok
test master::state::tests::has_capacity_false_when_exactly_one_at_max_one ... ok
test master::handlers::start::tests::validate_request_rejects_when_instance_already_exists ... ok
test master::state::tests::new_state_with_multiple_definitions ... ok
test master::state::tests::new_state_is_empty ... ok
test procedural::context::tests::next_op_id_must_use_fetch_add_not_load ... ok
test procedural::context::tests::op_counter_starts_at_zero_and_produces_correct_format ... ok
test master::state::tests::new_state_with_pre_seeded_definitions_populates_registry ... ok
test procedural::state::tests::activity_failed_not_exhausted_stays_tracked ... ok
test procedural::state::tests::activity_failed_exhausted_removes_from_in_flight ... ok
test procedural::state::tests::complete_writes_checkpoint ... ok
test procedural::state::tests::dispatch_increments_operation_counter ... ok
test procedural::state::tests::duplicate_seq_returns_already_applied ... ok
test procedural::state::tests::duplicate_signal_received_returns_already_applied ... ok
test procedural::state::tests::has_checkpoint_reflects_completed_ops ... ok
test procedural::state::tests::instance_msg_has_procedural_now_and_random_variants ... ok
test procedural::state::tests::instance_msg_has_procedural_wait_for_signal_variant ... ok
test procedural::state::tests::new_state_has_zero_counter ... ok
test procedural::state::tests::max_checkpointed_operation_id_returns_highest ... ok
test procedural::state::tests::random_sampled_stores_checkpoint_with_encoded_value ... ok
test procedural::state::tests::now_sampled_stores_checkpoint_with_encoded_ts ... ok
test procedural::state::tests::sequential_operations_get_incrementing_ids ... ok
test procedural::state::tests::signal_received_creates_checkpoint ... ok
test procedural::state::tests::snapshot_taken_resets_events_since_snapshot ... ok
test procedural::state::tests::unknown_activity_id_on_complete_returns_error ... ok
test procedural::tests::procedural_actor_runtime_holds_state_and_fn ... ok
test snapshot::tests::should_snapshot_above_threshold ... ok
test snapshot::tests::should_snapshot_at_threshold ... ok
test snapshot::tests::should_snapshot_below_threshold ... ok
test procedural::tests::workflow_fn_trait_is_object_safe_and_boxable ... ok
test instance::handlers_tests::snapshot_trigger_no_event_store_returns_error ... ok
test instance::tests::handle_inject_event_increments_counters ... ok
test instance::handlers_tests::snapshot_trigger_failure_keeps_counter ... ok
test instance::handlers_tests::snapshot_trigger_success_resets_counter ... ok
test instance::tests::snapshot_resets_counter_at_interval ... ok
test instance::handlers_tests::snapshot_trigger_preserves_paradigm_state ... ok

test result: ok. 123 passed; 0 failed; 0 ignored; 0 measured; 0 filtered out; finished in 0.02s

